<?xml version="1.0" encoding="utf-8"?>
<TestRun id="c782bdea-6a89-47f0-a037-7e5b8ef843c5" name="משתמש חדש@DESKTOP-QSG02JC 2026-07-09 23:03:01" runUser="DESKTOP-QSG02JC\משתמש חדש" xmlns="http://microsoft.com/schemas/VisualStudio/TeamTest/2010">
  <Times creation="2026-07-09T23:03:01.4193150+03:00" queuing="2026-07-09T23:03:01.4193155+03:00" start="2026-07-09T23:02:57.7812348+03:00" finish="2026-07-09T23:03:04.3253868+03:00" />
  <TestSettings name="default" id="f396ab3b-b8bb-4988-a06c-0b6b2802ec23">
    <Deployment runDeploymentRoot="משתמש_חדש_DESKTOP-QSG02JC_2026-07-09_23_03_01" />
  </TestSettings>
  <Results>
    <UnitTestResult executionId="94a4e144-c100-47d5-b5a0-040293b7a251" testId="35557ae0-908a-3561-1533-35fb91fc7a42" testName="ApprovalFlow.E2E.Tests.InvoiceFlowTests.AutoApproveInvoice_FullFlow_ReachesTerminalState" computerName="DESKTOP-QSG02JC" duration="00:00:04.2815755" startTime="2026-07-09T23:03:04.1680476+03:00" endTime="2026-07-09T23:03:04.1680480+03:00" testType="13cdc9d9-ddb5-4fa4-a97d-d965ccfc6d4b" outcome="Passed" testListId="8c84fa94-04c1-424b-9868-57a2d4851a1d" relativeResultsDirectory="94a4e144-c100-47d5-b5a0-040293b7a251" />
    <UnitTestResult executionId="0a0f134c-3bd3-4e43-875b-38d9ac097184" testId="da8b4428-2c9c-9691-5de7-f206254fff77" testName="ApprovalFlow.E2E.Tests.InvoiceFlowTests.Gateway_HealthCheck_ReturnsHealthy" computerName="DESKTOP-QSG02JC" duration="00:00:00.1383569" startTime="2026-07-09T23:02:59.8857916+03:00" endTime="2026-07-09T23:02:59.8858198+03:00" testType="13cdc9d9-ddb5-4fa4-a97d-d965ccfc6d4b" outcome="Passed" testListId="8c84fa94-04c1-424b-9868-57a2d4851a1d" relativeResultsDirectory="0a0f134c-3bd3-4e43-875b-38d9ac097184" />
  </Results>
  <TestDefinitions>
    <UnitTest name="ApprovalFlow.E2E.Tests.InvoiceFlowTests.Gateway_HealthCheck_ReturnsHealthy" storage="c:\users\משתמש חדש\desktop\aaa\approvalflow\tests\approvalflow.e2e\bin\release\net8.0\approvalflow.e2e.dll" id="da8b4428-2c9c-9691-5de7-f206254fff77">
      <Execution id="0a0f134c-3bd3-4e43-875b-38d9ac097184" />
      <TestMethod codeBase="C:\Users\משתמש חדש\Desktop\AAA\ApprovalFlow\tests\ApprovalFlow.E2E\bin\Release\net8.0\ApprovalFlow.E2E.dll" adapterTypeName="executor://xunit/VsTestRunner2/netcoreapp" className="ApprovalFlow.E2E.Tests.InvoiceFlowTests" name="Gateway_HealthCheck_ReturnsHealthy" />
    </UnitTest>
    <UnitTest name="ApprovalFlow.E2E.Tests.InvoiceFlowTests.AutoApproveInvoice_FullFlow_ReachesTerminalState" storage="c:\users\משתמש חדש\desktop\aaa\approvalflow\tests\approvalflow.e2e\bin\release\net8.0\approvalflow.e2e.dll" id="35557ae0-908a-3561-1533-35fb91fc7a42">
      <Execution id="94a4e144-c100-47d5-b5a0-040293b7a251" />
      <TestMethod codeBase="C:\Users\משתמש חדש\Desktop\AAA\ApprovalFlow\tests\ApprovalFlow.E2E\bin\Release\net8.0\ApprovalFlow.E2E.dll" adapterTypeName="executor://xunit/VsTestRunner2/netcoreapp" className="ApprovalFlow.E2E.Tests.InvoiceFlowTests" name="AutoApproveInvoice_FullFlow_ReachesTerminalState" />
    </UnitTest>
  </TestDefinitions>
  <TestEntries>
    <TestEntry testId="35557ae0-908a-3561-1533-35fb91fc7a42" executionId="94a4e144-c100-47d5-b5a0-040293b7a251" testListId="8c84fa94-04c1-424b-9868-57a2d4851a1d" />
    <TestEntry testId="da8b4428-2c9c-9691-5de7-f206254fff77" executionId="0a0f134c-3bd3-4e43-875b-38d9ac097184" testListId="8c84fa94-04c1-424b-9868-57a2d4851a1d" />
  </TestEntries>
  <TestLists>
    <TestList name="Results Not in a List" id="8c84fa94-04c1-424b-9868-57a2d4851a1d" />
    <TestList name="All Loaded Results" id="19431567-8539-422a-85d7-44ee4e166bda" />
  </TestLists>
  <ResultSummary outcome="Completed">
    <Counters total="2" executed="2" passed="2" failed="0" error="0" timeout="0" aborted="0" inconclusive="0" passedButRunAborted="0" notRunnable="0" notExecuted="0" disconnected="0" warning="0" completed="0" inProgress="0" pending="0" />
    <Output>
      <StdOut>[xUnit.net 00:00:00.00] xUnit.net VSTest Adapter v2.5.6+bf9b858c26 (64-bit .NET 8.0.7)&#xD;
[xUnit.net 00:00:01.29]   Discovering: ApprovalFlow.E2E&#xD;
[xUnit.net 00:00:01.34]   Discovered:  ApprovalFlow.E2E&#xD;
[xUnit.net 00:00:01.34]   Starting:    ApprovalFlow.E2E&#xD;
[xUnit.net 00:00:05.82]   Finished:    ApprovalFlow.E2E&#xD;
</StdOut>
    </Output>
  </ResultSummary>
</TestRun>